2020-10-08 13:54:03.081 - INFO 4368 --- [restartedMain] com.jfbian.App                          [lineno:55]: Starting App on SC-202003071912 with PID 4368 (D:\ProjectSharing_gitee.com\ScatteredKnowledge\mybatis_plus\target\classes started by Administrator in D:\ProjectSharing_gitee.com\ScatteredKnowledge\mybatis_plus)
2020-10-08 13:54:03.092 - INFO 4368 --- [restartedMain] com.jfbian.App                          [lineno:655]: The following profiles are active: dev
2020-10-08 13:54:03.183 - INFO 4368 --- [restartedMain] .e.DevToolsPropertyDefaultsPostProcessor[lineno:225]: Devtools property defaults active! Set 'spring.devtools.add-properties' to 'false' to disable
2020-10-08 13:54:03.184 - INFO 4368 --- [restartedMain] .e.DevToolsPropertyDefaultsPostProcessor[lineno:225]: For additional web related logging consider setting the 'logging.level.web' property to 'DEBUG'
2020-10-08 13:54:04.861 - INFO 4368 --- [restartedMain] o.s.b.w.embedded.tomcat.TomcatWebServer [lineno:92]: Tomcat initialized with port(s): 80 (http)
2020-10-08 13:54:04.874 - INFO 4368 --- [restartedMain] o.apache.catalina.core.StandardService  [lineno:173]: Starting service [Tomcat]
2020-10-08 13:54:04.874 - INFO 4368 --- [restartedMain] org.apache.catalina.core.StandardEngine [lineno:173]: Starting Servlet engine: [Apache Tomcat/9.0.31]
2020-10-08 13:54:04.988 - INFO 4368 --- [restartedMain] o.a.c.c.C.[Tomcat].[localhost].[/]      [lineno:173]: Initializing Spring embedded WebApplicationContext
2020-10-08 13:54:04.989 - INFO 4368 --- [restartedMain] o.s.web.context.ContextLoader           [lineno:284]: Root WebApplicationContext: initialization completed in 1805 ms
2020-10-08 13:54:05.281 - INFO 4368 --- [restartedMain] com.zaxxer.hikari.HikariDataSource      [lineno:110]: HikariPool-1 - Starting...
2020-10-08 13:54:05.447 - INFO 4368 --- [restartedMain] com.zaxxer.hikari.HikariDataSource      [lineno:123]: HikariPool-1 - Start completed.
2020-10-08 13:54:05.915 - INFO 4368 --- [restartedMain] o.s.s.concurrent.ThreadPoolTaskExecutor [lineno:181]: Initializing ExecutorService 'applicationTaskExecutor'
2020-10-08 13:54:06.233 - INFO 4368 --- [restartedMain] o.s.b.d.a.OptionalLiveReloadServer      [lineno:58]: LiveReload server is running on port 35729
2020-10-08 13:54:06.304 - INFO 4368 --- [restartedMain] o.s.b.w.embedded.tomcat.TomcatWebServer [lineno:204]: Tomcat started on port(s): 80 (http) with context path ''
2020-10-08 13:54:06.310 - INFO 4368 --- [restartedMain] com.jfbian.App                          [lineno:61]: Started App in 3.822 seconds (JVM running for 5.102)
2020-10-08 20:30:50.294 - INFO 5900 --- [restartedMain] com.jfbian.App                          [lineno:55]: Starting App on SC-202003071912 with PID 5900 (D:\ProjectSharing_gitee.com\ScatteredKnowledge\mybatis_plus\target\classes started by Administrator in D:\ProjectSharing_gitee.com\ScatteredKnowledge\mybatis_plus)
2020-10-08 20:30:50.294 - INFO 5900 --- [restartedMain] com.jfbian.App                          [lineno:655]: The following profiles are active: dev
2020-10-08 20:30:50.357 - INFO 5900 --- [restartedMain] .e.DevToolsPropertyDefaultsPostProcessor[lineno:225]: Devtools property defaults active! Set 'spring.devtools.add-properties' to 'false' to disable
2020-10-08 20:30:50.357 - INFO 5900 --- [restartedMain] .e.DevToolsPropertyDefaultsPostProcessor[lineno:225]: For additional web related logging consider setting the 'logging.level.web' property to 'DEBUG'
2020-10-08 20:30:51.763 - INFO 5900 --- [restartedMain] o.s.b.w.embedded.tomcat.TomcatWebServer [lineno:92]: Tomcat initialized with port(s): 80 (http)
2020-10-08 20:30:51.779 - INFO 5900 --- [restartedMain] o.apache.catalina.core.StandardService  [lineno:173]: Starting service [Tomcat]
2020-10-08 20:30:51.779 - INFO 5900 --- [restartedMain] org.apache.catalina.core.StandardEngine [lineno:173]: Starting Servlet engine: [Apache Tomcat/9.0.31]
2020-10-08 20:30:51.888 - INFO 5900 --- [restartedMain] o.a.c.c.C.[Tomcat].[localhost].[/]      [lineno:173]: Initializing Spring embedded WebApplicationContext
2020-10-08 20:30:51.888 - INFO 5900 --- [restartedMain] o.s.web.context.ContextLoader           [lineno:284]: Root WebApplicationContext: initialization completed in 1531 ms
2020-10-08 20:30:52.113 - INFO 5900 --- [restartedMain] c.a.d.s.b.a.DruidDataSourceAutoConfigure[lineno:56]: Init DruidDataSource
2020-10-08 20:30:52.269 - INFO 5900 --- [restartedMain] com.alibaba.druid.pool.DruidDataSource  [lineno:930]: {dataSource-1} inited
2020-10-08 20:30:52.675 - INFO 5900 --- [restartedMain] o.s.s.concurrent.ThreadPoolTaskExecutor [lineno:181]: Initializing ExecutorService 'applicationTaskExecutor'
2020-10-08 20:30:52.894 - INFO 5900 --- [restartedMain] o.s.b.d.a.OptionalLiveReloadServer      [lineno:58]: LiveReload server is running on port 35729
2020-10-08 20:30:52.970 - INFO 5900 --- [restartedMain] o.s.b.w.embedded.tomcat.TomcatWebServer [lineno:204]: Tomcat started on port(s): 80 (http) with context path ''
2020-10-08 20:30:52.974 - INFO 5900 --- [restartedMain] com.jfbian.App                          [lineno:61]: Started App in 3.096 seconds (JVM running for 4.094)
2020-10-08 20:31:36.467 - INFO 5900 --- [http-nio-80-exec-1] o.a.c.c.C.[Tomcat].[localhost].[/]      [lineno:173]: Initializing Spring DispatcherServlet 'dispatcherServlet'
2020-10-08 20:31:36.468 - INFO 5900 --- [http-nio-80-exec-1] o.s.web.servlet.DispatcherServlet       [lineno:525]: Initializing Servlet 'dispatcherServlet'
2020-10-08 20:31:36.478 - INFO 5900 --- [http-nio-80-exec-1] o.s.web.servlet.DispatcherServlet       [lineno:547]: Completed initialization in 10 ms
2020-10-08 22:56:04.078 - INFO 5900 --- [Thread-10] o.s.s.concurrent.ThreadPoolTaskExecutor [lineno:218]: Shutting down ExecutorService 'applicationTaskExecutor'
2020-10-08 22:56:04.080 - INFO 5900 --- [Thread-10] com.alibaba.druid.pool.DruidDataSource  [lineno:1825]: {dataSource-1} closed
2020-10-08 22:56:04.462 - INFO 5900 --- [restartedMain] com.jfbian.App                          [lineno:55]: Starting App on SC-202003071912 with PID 5900 (D:\ProjectSharing_gitee.com\ScatteredKnowledge\mybatis_plus\target\classes started by Administrator in D:\ProjectSharing_gitee.com\ScatteredKnowledge\mybatis_plus)
2020-10-08 22:56:04.462 - INFO 5900 --- [restartedMain] com.jfbian.App                          [lineno:655]: The following profiles are active: dev
2020-10-08 22:56:04.869 - INFO 5900 --- [restartedMain] o.s.b.w.embedded.tomcat.TomcatWebServer [lineno:92]: Tomcat initialized with port(s): 80 (http)
2020-10-08 22:56:04.871 - INFO 5900 --- [restartedMain] o.apache.catalina.core.StandardService  [lineno:173]: Starting service [Tomcat]
2020-10-08 22:56:04.871 - INFO 5900 --- [restartedMain] org.apache.catalina.core.StandardEngine [lineno:173]: Starting Servlet engine: [Apache Tomcat/9.0.31]
2020-10-08 22:56:04.892 - INFO 5900 --- [restartedMain] o.a.c.c.C.[Tomcat].[localhost].[/]      [lineno:173]: Initializing Spring embedded WebApplicationContext
2020-10-08 22:56:04.893 - INFO 5900 --- [restartedMain] o.s.web.context.ContextLoader           [lineno:284]: Root WebApplicationContext: initialization completed in 426 ms
2020-10-08 22:56:04.951 - INFO 5900 --- [restartedMain] c.a.d.s.b.a.DruidDataSourceAutoConfigure[lineno:56]: Init DruidDataSource
2020-10-08 22:56:04.998 - INFO 5900 --- [restartedMain] com.alibaba.druid.pool.DruidDataSource  [lineno:930]: {dataSource-2} inited
2020-10-08 22:56:05.139 - INFO 5900 --- [restartedMain] o.s.s.concurrent.ThreadPoolTaskExecutor [lineno:181]: Initializing ExecutorService 'applicationTaskExecutor'
2020-10-08 22:56:05.232 - INFO 5900 --- [restartedMain] o.s.b.d.a.OptionalLiveReloadServer      [lineno:58]: LiveReload server is running on port 35729
2020-10-08 22:56:05.264 - INFO 5900 --- [restartedMain] o.s.b.w.embedded.tomcat.TomcatWebServer [lineno:204]: Tomcat started on port(s): 80 (http) with context path ''
2020-10-08 22:56:05.279 - INFO 5900 --- [restartedMain] com.jfbian.App                          [lineno:61]: Started App in 0.862 seconds (JVM running for 8716.4)
2020-10-08 22:56:05.279 - INFO 5900 --- [restartedMain] .ConditionEvaluationDeltaLoggingListener[lineno:63]: Condition evaluation unchanged
2020-10-08 23:00:37.026 - INFO 5628 --- [restartedMain] com.jfbian.App                          [lineno:55]: Starting App on SC-202003071912 with PID 5628 (D:\ProjectSharing_gitee.com\ScatteredKnowledge\mybatis_plus\target\classes started by Administrator in D:\ProjectSharing_gitee.com\ScatteredKnowledge\mybatis_plus)
2020-10-08 23:00:37.026 - INFO 5628 --- [restartedMain] com.jfbian.App                          [lineno:655]: The following profiles are active: dev
2020-10-08 23:00:37.088 - INFO 5628 --- [restartedMain] .e.DevToolsPropertyDefaultsPostProcessor[lineno:225]: Devtools property defaults active! Set 'spring.devtools.add-properties' to 'false' to disable
2020-10-08 23:00:37.088 - INFO 5628 --- [restartedMain] .e.DevToolsPropertyDefaultsPostProcessor[lineno:225]: For additional web related logging consider setting the 'logging.level.web' property to 'DEBUG'
2020-10-08 23:00:38.385 - INFO 5628 --- [restartedMain] o.s.b.w.embedded.tomcat.TomcatWebServer [lineno:92]: Tomcat initialized with port(s): 80 (http)
2020-10-08 23:00:38.401 - INFO 5628 --- [restartedMain] o.apache.catalina.core.StandardService  [lineno:173]: Starting service [Tomcat]
2020-10-08 23:00:38.401 - INFO 5628 --- [restartedMain] org.apache.catalina.core.StandardEngine [lineno:173]: Starting Servlet engine: [Apache Tomcat/9.0.31]
2020-10-08 23:00:38.494 - INFO 5628 --- [restartedMain] o.a.c.c.C.[Tomcat].[localhost].[/]      [lineno:173]: Initializing Spring embedded WebApplicationContext
2020-10-08 23:00:38.494 - INFO 5628 --- [restartedMain] o.s.web.context.ContextLoader           [lineno:284]: Root WebApplicationContext: initialization completed in 1406 ms
2020-10-08 23:00:38.901 - INFO 5628 --- [restartedMain] com.alibaba.druid.pool.DruidDataSource  [lineno:930]: {dataSource-1} inited
2020-10-08 23:00:39.323 - INFO 5628 --- [restartedMain] o.s.s.concurrent.ThreadPoolTaskExecutor [lineno:181]: Initializing ExecutorService 'applicationTaskExecutor'
2020-10-08 23:00:39.573 - INFO 5628 --- [restartedMain] o.s.b.d.a.OptionalLiveReloadServer      [lineno:58]: LiveReload server is running on port 35729
2020-10-08 23:00:39.635 - INFO 5628 --- [restartedMain] o.s.b.w.embedded.tomcat.TomcatWebServer [lineno:204]: Tomcat started on port(s): 80 (http) with context path ''
2020-10-08 23:00:39.635 - INFO 5628 --- [restartedMain] com.jfbian.App                          [lineno:61]: Started App in 3.055 seconds (JVM running for 4.052)
2020-10-08 23:37:51.664 - INFO 5628 --- [http-nio-80-exec-1] o.a.c.c.C.[Tomcat].[localhost].[/]      [lineno:173]: Initializing Spring DispatcherServlet 'dispatcherServlet'
2020-10-08 23:37:51.665 - INFO 5628 --- [http-nio-80-exec-1] o.s.web.servlet.DispatcherServlet       [lineno:525]: Initializing Servlet 'dispatcherServlet'
2020-10-08 23:37:51.672 - INFO 5628 --- [http-nio-80-exec-1] o.s.web.servlet.DispatcherServlet       [lineno:547]: Completed initialization in 7 ms
2020-10-08 23:53:10.181 - INFO 10696 --- [restartedMain] com.jfbian.App                          [lineno:55]: Starting App on SC-202003071912 with PID 10696 (D:\ProjectSharing_gitee.com\ScatteredKnowledge\mybatis_plus\target\classes started by Administrator in D:\ProjectSharing_gitee.com\ScatteredKnowledge\mybatis_plus)
2020-10-08 23:53:10.185 - INFO 10696 --- [restartedMain] com.jfbian.App                          [lineno:655]: The following profiles are active: dev
2020-10-08 23:53:10.262 - INFO 10696 --- [restartedMain] .e.DevToolsPropertyDefaultsPostProcessor[lineno:225]: Devtools property defaults active! Set 'spring.devtools.add-properties' to 'false' to disable
2020-10-08 23:53:10.263 - INFO 10696 --- [restartedMain] .e.DevToolsPropertyDefaultsPostProcessor[lineno:225]: For additional web related logging consider setting the 'logging.level.web' property to 'DEBUG'
2020-10-08 23:53:11.585 - INFO 10696 --- [restartedMain] o.s.b.w.embedded.tomcat.TomcatWebServer [lineno:92]: Tomcat initialized with port(s): 80 (http)
2020-10-08 23:53:11.596 - INFO 10696 --- [restartedMain] o.apache.catalina.core.StandardService  [lineno:173]: Starting service [Tomcat]
2020-10-08 23:53:11.597 - INFO 10696 --- [restartedMain] org.apache.catalina.core.StandardEngine [lineno:173]: Starting Servlet engine: [Apache Tomcat/9.0.31]
2020-10-08 23:53:11.698 - INFO 10696 --- [restartedMain] o.a.c.c.C.[Tomcat].[localhost].[/]      [lineno:173]: Initializing Spring embedded WebApplicationContext
2020-10-08 23:53:11.698 - INFO 10696 --- [restartedMain] o.s.web.context.ContextLoader           [lineno:284]: Root WebApplicationContext: initialization completed in 1434 ms
2020-10-08 23:53:12.119 - INFO 10696 --- [restartedMain] com.alibaba.druid.pool.DruidDataSource  [lineno:930]: {dataSource-1} inited
2020-10-08 23:53:12.800 - INFO 10696 --- [restartedMain] o.s.b.d.a.OptionalLiveReloadServer      [lineno:58]: LiveReload server is running on port 35729
2020-10-08 23:53:12.869 - INFO 10696 --- [restartedMain] o.s.b.w.embedded.tomcat.TomcatWebServer [lineno:204]: Tomcat started on port(s): 80 (http) with context path ''
2020-10-08 23:53:12.873 - INFO 10696 --- [restartedMain] com.jfbian.App                          [lineno:61]: Started App in 3.234 seconds (JVM running for 4.263)
2020-10-08 23:58:14.762 - INFO 10496 --- [main] com.jfbian.AppTest                      [lineno:55]: Starting AppTest on SC-202003071912 with PID 10496 (started by Administrator in D:\ProjectSharing_gitee.com\ScatteredKnowledge\mybatis_plus)
2020-10-08 23:58:14.764 - INFO 10496 --- [main] com.jfbian.AppTest                      [lineno:655]: The following profiles are active: dev
2020-10-08 23:58:16.932 - INFO 10496 --- [main] com.alibaba.druid.pool.DruidDataSource  [lineno:930]: {dataSource-1} inited
2020-10-08 23:58:18.490 - INFO 10496 --- [main] com.jfbian.AppTest                      [lineno:61]: Started AppTest in 4.125 seconds (JVM running for 5.689)
2020-10-08 23:58:19.049 - INFO 10496 --- [SpringContextShutdownHook] com.alibaba.druid.pool.DruidDataSource  [lineno:1825]: {dataSource-1} closed
2020-10-08 23:59:50.575 - INFO 9744 --- [main] com.jfbian.AppTest                      [lineno:55]: Starting AppTest on SC-202003071912 with PID 9744 (started by Administrator in D:\ProjectSharing_gitee.com\ScatteredKnowledge\mybatis_plus)
2020-10-08 23:59:50.579 - INFO 9744 --- [main] com.jfbian.AppTest                      [lineno:655]: The following profiles are active: dev
2020-10-08 23:59:52.617 - INFO 9744 --- [main] com.alibaba.druid.pool.DruidDataSource  [lineno:930]: {dataSource-1} inited
2020-10-08 23:59:54.236 - INFO 9744 --- [main] com.jfbian.AppTest                      [lineno:61]: Started AppTest in 4.15 seconds (JVM running for 5.634)
2020-10-08 23:59:54.662 - INFO 9744 --- [SpringContextShutdownHook] com.alibaba.druid.pool.DruidDataSource  [lineno:1825]: {dataSource-1} closed
2020-10-09 00:00:17.712 - INFO 2664 --- [main] com.jfbian.AppTest                      [lineno:55]: Starting AppTest on SC-202003071912 with PID 2664 (started by Administrator in D:\ProjectSharing_gitee.com\ScatteredKnowledge\mybatis_plus)
2020-10-09 00:00:17.725 - INFO 2664 --- [main] com.jfbian.AppTest                      [lineno:655]: The following profiles are active: dev
2020-10-09 00:00:19.772 - INFO 2664 --- [main] com.alibaba.druid.pool.DruidDataSource  [lineno:930]: {dataSource-1} inited
2020-10-09 00:00:21.284 - INFO 2664 --- [main] com.jfbian.AppTest                      [lineno:61]: Started AppTest in 4.041 seconds (JVM running for 5.581)
2020-10-09 00:00:21.721 - INFO 2664 --- [SpringContextShutdownHook] com.alibaba.druid.pool.DruidDataSource  [lineno:1825]: {dataSource-1} closed
2020-10-09 00:01:48.677 - INFO 10716 --- [restartedMain] com.jfbian.App                          [lineno:55]: Starting App on SC-202003071912 with PID 10716 (D:\ProjectSharing_gitee.com\ScatteredKnowledge\mybatis_plus\target\classes started by Administrator in D:\ProjectSharing_gitee.com\ScatteredKnowledge\mybatis_plus)
2020-10-09 00:01:48.682 - INFO 10716 --- [restartedMain] com.jfbian.App                          [lineno:655]: The following profiles are active: dev
2020-10-09 00:01:48.763 - INFO 10716 --- [restartedMain] .e.DevToolsPropertyDefaultsPostProcessor[lineno:225]: Devtools property defaults active! Set 'spring.devtools.add-properties' to 'false' to disable
2020-10-09 00:01:48.763 - INFO 10716 --- [restartedMain] .e.DevToolsPropertyDefaultsPostProcessor[lineno:225]: For additional web related logging consider setting the 'logging.level.web' property to 'DEBUG'
2020-10-09 00:01:50.099 - INFO 10716 --- [restartedMain] o.s.b.w.embedded.tomcat.TomcatWebServer [lineno:92]: Tomcat initialized with port(s): 80 (http)
2020-10-09 00:01:50.110 - INFO 10716 --- [restartedMain] o.apache.catalina.core.StandardService  [lineno:173]: Starting service [Tomcat]
2020-10-09 00:01:50.110 - INFO 10716 --- [restartedMain] org.apache.catalina.core.StandardEngine [lineno:173]: Starting Servlet engine: [Apache Tomcat/9.0.31]
2020-10-09 00:01:50.214 - INFO 10716 --- [restartedMain] o.a.c.c.C.[Tomcat].[localhost].[/]      [lineno:173]: Initializing Spring embedded WebApplicationContext
2020-10-09 00:01:50.215 - INFO 10716 --- [restartedMain] o.s.web.context.ContextLoader           [lineno:284]: Root WebApplicationContext: initialization completed in 1451 ms
2020-10-09 00:01:50.646 - INFO 10716 --- [restartedMain] com.alibaba.druid.pool.DruidDataSource  [lineno:930]: {dataSource-1} inited
2020-10-09 00:01:51.370 - INFO 10716 --- [restartedMain] o.s.b.d.a.OptionalLiveReloadServer      [lineno:58]: LiveReload server is running on port 35729
2020-10-09 00:01:51.466 - INFO 10716 --- [restartedMain] o.s.b.w.embedded.tomcat.TomcatWebServer [lineno:204]: Tomcat started on port(s): 80 (http) with context path ''
2020-10-09 00:01:51.470 - INFO 10716 --- [restartedMain] com.jfbian.App                          [lineno:61]: Started App in 3.255 seconds (JVM running for 4.326)
2020-10-09 00:02:04.073 - INFO 1460 --- [main] com.jfbian.AppTest                      [lineno:55]: Starting AppTest on SC-202003071912 with PID 1460 (started by Administrator in D:\ProjectSharing_gitee.com\ScatteredKnowledge\mybatis_plus)
2020-10-09 00:02:04.076 - INFO 1460 --- [main] com.jfbian.AppTest                      [lineno:655]: The following profiles are active: dev
2020-10-09 00:02:06.113 - INFO 1460 --- [main] com.alibaba.druid.pool.DruidDataSource  [lineno:930]: {dataSource-1} inited
2020-10-09 00:02:07.859 - INFO 1460 --- [main] com.jfbian.AppTest                      [lineno:61]: Started AppTest in 4.287 seconds (JVM running for 5.769)
2020-10-09 00:02:08.376 - INFO 1460 --- [SpringContextShutdownHook] com.alibaba.druid.pool.DruidDataSource  [lineno:1825]: {dataSource-1} closed
2020-10-09 00:05:27.053 - INFO 10232 --- [main] com.jfbian.AppTest                      [lineno:55]: Starting AppTest on SC-202003071912 with PID 10232 (started by Administrator in D:\ProjectSharing_gitee.com\ScatteredKnowledge\mybatis_plus)
2020-10-09 00:05:27.056 - INFO 10232 --- [main] com.jfbian.AppTest                      [lineno:655]: The following profiles are active: dev
2020-10-09 00:05:29.243 - INFO 10232 --- [main] com.alibaba.druid.pool.DruidDataSource  [lineno:930]: {dataSource-1} inited
2020-10-09 00:05:31.056 - INFO 10232 --- [main] com.jfbian.AppTest                      [lineno:61]: Started AppTest in 4.483 seconds (JVM running for 5.928)
2020-10-09 00:05:31.514 - INFO 10232 --- [SpringContextShutdownHook] com.alibaba.druid.pool.DruidDataSource  [lineno:1825]: {dataSource-1} closed
2020-10-09 00:06:27.436 - INFO 5024 --- [main] com.jfbian.AppTest                      [lineno:55]: Starting AppTest on SC-202003071912 with PID 5024 (started by Administrator in D:\ProjectSharing_gitee.com\ScatteredKnowledge\mybatis_plus)
2020-10-09 00:06:27.438 - INFO 5024 --- [main] com.jfbian.AppTest                      [lineno:655]: The following profiles are active: dev
2020-10-09 00:06:29.487 - INFO 5024 --- [main] com.alibaba.druid.pool.DruidDataSource  [lineno:930]: {dataSource-1} inited
2020-10-09 00:06:31.052 - INFO 5024 --- [main] com.jfbian.AppTest                      [lineno:61]: Started AppTest in 4.061 seconds (JVM running for 5.622)
2020-10-09 00:06:31.505 - INFO 5024 --- [SpringContextShutdownHook] com.alibaba.druid.pool.DruidDataSource  [lineno:1825]: {dataSource-1} closed
2020-10-09 00:08:27.523 - INFO 4792 --- [main] com.jfbian.AppTest                      [lineno:55]: Starting AppTest on SC-202003071912 with PID 4792 (started by Administrator in D:\ProjectSharing_gitee.com\ScatteredKnowledge\mybatis_plus)
2020-10-09 00:08:27.526 - INFO 4792 --- [main] com.jfbian.AppTest                      [lineno:655]: The following profiles are active: dev
2020-10-09 00:08:29.639 - INFO 4792 --- [main] com.alibaba.druid.pool.DruidDataSource  [lineno:930]: {dataSource-1} inited
2020-10-09 00:08:31.254 - INFO 4792 --- [main] com.jfbian.AppTest                      [lineno:61]: Started AppTest in 4.191 seconds (JVM running for 5.702)
2020-10-09 00:08:31.824 - INFO 4792 --- [SpringContextShutdownHook] com.alibaba.druid.pool.DruidDataSource  [lineno:1825]: {dataSource-1} closed
2020-10-09 00:14:00.150 - INFO 10716 --- [http-nio-80-exec-1] o.a.c.c.C.[Tomcat].[localhost].[/]      [lineno:173]: Initializing Spring DispatcherServlet 'dispatcherServlet'
2020-10-09 00:14:00.151 - INFO 10716 --- [http-nio-80-exec-1] o.s.web.servlet.DispatcherServlet       [lineno:525]: Initializing Servlet 'dispatcherServlet'
2020-10-09 00:14:00.158 - INFO 10716 --- [http-nio-80-exec-1] o.s.web.servlet.DispatcherServlet       [lineno:547]: Completed initialization in 7 ms
